ERROR: 2024/04/23 11:00:49 Error starting the server
DEBUG: 2024/04/23 11:33:49 Login successful:  at /login
DEBUG: 2024/04/23 11:34:01 Login successful:  at /login
ERROR: 2024/04/23 11:34:05 Error inserting the data into the database
ERROR: 2024/04/23 11:35:44 Error inserting the data into the database
DEBUG: 2024/04/23 11:35:57 Login successful:  at /login
DEBUG: 2024/04/23 11:36:10 Login successful:  at /login
ERROR: 2024/04/23 11:52:23 Error starting the server
ERROR: 2024/04/23 12:00:51 Error starting the server
ERROR: 2024/04/23 12:01:09 Error starting the server
ERROR: 2024/04/23 12:01:17 Error starting the server
ERROR: 2024/04/23 12:02:28 Error starting the server
ERROR: 2024/04/23 12:18:15 Error starting the server
DEBUG: 2024/04/23 12:27:45 Login successful:  at /login
ERROR: 2024/04/23 12:29:10 Error inserting the data into the database
ERROR: 2024/04/23 12:30:11 Error inserting the data into the database
ERROR: 2024/04/23 16:33:53 Error starting the server
ERROR: 2024/04/23 16:43:07 Error fetching user from databaseerfvfqdcs at /login
ERROR: 2024/04/23 16:49:24 Error fetching user from database  at /login
ERROR: 2024/04/23 17:05:39 Error fetching user from databaservefcx at /login
ERROR: 2024/04/23 17:06:14 Error fetching user from databasebthtgvf at /login
ERROR: 2024/04/23 17:14:18 Error fetching user from databasegfbrfvcd at /login
ERROR: 2024/04/23 18:22:32 Error starting the server
ERROR: 2024/04/24 15:35:48 No user found with the provided credentials at /login
ERROR: 2024/04/24 15:36:16 Error starting the server
ERROR: 2024/04/24 15:36:51 No user found with the provided credentialsiku,jnhgf at /login
DEBUG: 2024/04/24 15:38:10 Registration successful: Svalbard at /register
DEBUG: 2024/04/24 15:38:30 Login successful: svalbardmalfant@gmail.com at /login
ERROR: 2024/04/24 16:48:35 No user found with the provided credentialsferzs at /login
DEBUG: 2024/04/24 16:50:56 Registration successful: de at /register
DEBUG: 2024/04/24 16:51:03 Login successful: de at /login
ERROR: 2024/04/24 19:10:17 Error starting the server
ERROR: 2024/04/24 19:11:31 Error preparing the SQL statement
ERROR: 2024/04/24 19:24:46 Error reading the message from the client
ERROR: 2024/04/24 20:16:31 Error preparing the SQL statement
ERROR: 2024/04/24 20:24:13 Error preparing the SQL statement
ERROR: 2024/04/24 20:24:42 Error preparing the SQL statement
ERROR: 2024/04/24 20:25:17 Error preparing the SQL statement
ERROR: 2024/04/24 20:25:23 Error preparing the SQL statement
ERROR: 2024/04/24 20:26:04 Error preparing the SQL statement
ERROR: 2024/04/24 20:27:15 Error creating session
DEBUG: 2024/04/24 20:27:15 Registration successful: mm at /register
ERROR: 2024/04/24 20:29:05 Error creating session pq: relation "session" does not exist
DEBUG: 2024/04/24 20:29:05 Registration successful: ll at /register
DEBUG: 2024/04/24 20:30:05 Registration successful: pp at /register
ERROR: 2024/04/24 20:32:05 Error inserting the data into the database
ERROR: 2024/04/24 20:32:51 Error inserting the data into the databasepq: duplicate key value violates unique constraint "users_username_key"
ERROR: 2024/04/24 20:32:56 Error inserting the data into the databasepq: duplicate key value violates unique constraint "users_username_key"
ERROR: 2024/04/24 20:36:07 Error inserting the data into the databasepq: duplicate key value violates unique constraint "users_username_key"
ERROR: 2024/04/24 20:36:18 Error inserting the data into the databasepq: duplicate key value violates unique constraint "users_username_key"
DEBUG: 2024/04/24 20:36:22 Registration successful: ppp at /register
ERROR: 2024/04/25 00:00:21 Error reading the message from the client
ERROR: 2024/04/25 00:02:19 Error reading the message from the client
ERROR: 2024/04/25 14:09:23 Error creating session
ERROR: 2024/04/25 14:11:10 Error inserting the data into the databasepq: duplicate key value violates unique constraint "users_username_key"
ERROR: 2024/04/25 14:11:40 Error creating session
ERROR: 2024/04/25 14:13:17 Error inserting the data into the databasepq: duplicate key value violates unique constraint "users_email_key"
DEBUG: 2024/04/25 14:13:23 Registration successful: gjhkl at /register
ERROR: 2024/04/25 14:13:26 Error reading the message from the client
DEBUG: 2024/04/25 14:40:42 Login successful: pp at /login
ERROR: 2024/04/25 14:40:42 Error reading the message from the client
DEBUG: 2024/04/25 14:45:41 Login successful: pp at /login
ERROR: 2024/04/25 14:45:41 Error reading the message from the client
DEBUG: 2024/04/25 14:46:38 Login successful: pp at /login
ERROR: 2024/04/25 14:48:50 Error reading the message from the client
ERROR: 2024/04/25 14:48:52 Error reading the message from the client
ERROR: 2024/04/25 14:49:40 Error reading the message from the client
DEBUG: 2024/04/25 14:49:59 Invalid login credentialsmm at /login
ERROR: 2024/04/25 14:49:59 Error reading the message from the client
DEBUG: 2024/04/25 14:50:27 Login successful: pp at /login
ERROR: 2024/04/25 14:50:27 Error reading the message from the client
DEBUG: 2024/04/25 14:56:08 Login successful: pp at /login
DEBUG: 2024/04/25 14:56:10 Login successful: pp at /login
DEBUG: 2024/04/25 14:56:20 Login successful: pp at /login
ERROR: 2024/04/25 14:56:20 Error reading the message from the client
DEBUG: 2024/04/25 14:57:05 Login successful: pp at /login
DEBUG: 2024/04/25 14:57:06 Login successful: pp at /login
ERROR: 2024/04/25 14:57:13 Error reading the message from the client
DEBUG: 2024/04/25 14:57:18 Invalid login credentialsmm at /login
DEBUG: 2024/04/25 14:58:19 Invalid login credentialsmm at /login
DEBUG: 2024/04/25 14:58:23 Invalid login credentialsmm at /login
DEBUG: 2024/04/25 14:59:11 Login successful: pp at /login
ERROR: 2024/04/25 14:59:11 Error reading the message from the client
ERROR: 2024/04/25 14:59:29 Error reading the message from the client
ERROR: 2024/04/25 14:59:46 Error reading the message from the client
ERROR: 2024/04/25 15:01:01 Error reading the message from the client
DEBUG: 2024/04/25 15:01:07 Login successful: pp at /login
ERROR: 2024/04/25 15:01:07 Error reading the message from the client
ERROR: 2024/04/25 15:01:12 Error reading the message from the client
ERROR: 2024/04/25 15:01:14 Error reading the message from the client
DEBUG: 2024/04/25 15:02:25 Login successful: pp at /login
ERROR: 2024/04/25 15:02:25 Error reading the message from the client
ERROR: 2024/04/25 15:02:27 Session expired
ERROR: 2024/04/25 15:02:27 Error reading the message from the client
ERROR: 2024/04/25 15:02:29 Error fetching session from database
DEBUG: 2024/04/25 15:02:37 Invalid login credentialspp at /login
DEBUG: 2024/04/25 15:02:44 Login successful: pp at /login
ERROR: 2024/04/25 15:02:44 Error reading the message from the client
ERROR: 2024/04/25 15:02:44 Session expired
ERROR: 2024/04/25 15:02:44 Error reading the message from the client
ERROR: 2024/04/25 15:02:45 Error fetching session from database
ERROR: 2024/04/25 15:04:18 Error fetching session from database
DEBUG: 2024/04/25 15:05:01 Login successful: pp at /login
ERROR: 2024/04/25 15:05:01 Error reading the message from the client
ERROR: 2024/04/25 15:05:02 Session expired
ERROR: 2024/04/25 15:05:02 Error reading the message from the client
ERROR: 2024/04/25 15:05:02 Error fetching session from database
ERROR: 2024/04/25 15:08:27 Error inserting the data into the databasepq: duplicate key value violates unique constraint "users_username_key"
ERROR: 2024/04/25 15:09:23 Error fetching session from database
DEBUG: 2024/04/25 15:09:45 Registration successful: mm at /register
ERROR: 2024/04/25 15:09:46 Error reading the message from the client
ERROR: 2024/04/25 15:09:47 Session expired
ERROR: 2024/04/25 15:09:47 Error reading the message from the client
ERROR: 2024/04/25 15:09:48 Error fetching session from database
ERROR: 2024/04/25 15:12:34 Error fetching session from databasesql: no rows in result set
ERROR: 2024/04/25 15:13:03 No user found with the provided credentialslll at /login
DEBUG: 2024/04/25 15:13:52 Registration successful: pppp at /register
ERROR: 2024/04/25 15:14:15 Error reading the message from the client
ERROR: 2024/04/25 15:14:16 Session expired
ERROR: 2024/04/25 15:14:16 Error reading the message from the client
ERROR: 2024/04/25 15:14:16 Error fetching session from databasesql: no rows in result set
DEBUG: 2024/04/25 15:15:06 Login successful: pppp at /login
ERROR: 2024/04/25 15:15:06 Error reading the message from the client
ERROR: 2024/04/25 15:15:07 Session expired
ERROR: 2024/04/25 15:15:07 Error reading the message from the client
ERROR: 2024/04/25 15:15:07 Error fetching session from databasesql: no rows in result set
DEBUG: 2024/04/25 15:16:46 Registration successful: j at /register
ERROR: 2024/04/25 15:18:34 Error fetching session from databasesql: no rows in result set
ERROR: 2024/04/25 15:18:35 Error reading the message from the client
ERROR: 2024/04/25 15:18:35 Error fetching session from databasesql: no rows in result set
DEBUG: 2024/04/25 15:18:54 Registration successful: mlp at /register
ERROR: 2024/04/25 15:18:57 Error reading the message from the client
ERROR: 2024/04/25 15:18:58 Error reading the message from the client
ERROR: 2024/04/25 15:56:10 Error reading the message from the client
ERROR: 2024/04/25 15:56:23 Error reading the message from the client
ERROR: 2024/04/25 15:56:26 Error reading the message from the client
ERROR: 2024/04/25 15:56:35 No user found with the provided credentialsmm at /login
DEBUG: 2024/04/25 15:56:54 Registration successful: mm at /register
ERROR: 2024/04/25 15:59:22 Error reading the message from the client
ERROR: 2024/04/25 16:44:34 Error reading the message from the client
DEBUG: 2024/04/25 16:44:49 Login successful: mm at /login
ERROR: 2024/04/25 16:44:49 Error reading the message from the client
ERROR: 2024/04/25 17:23:03 Error reading the message from the client
ERROR: 2024/04/25 17:23:04 Error reading the message from the client
ERROR: 2024/04/25 17:25:24 Error reading the message from the client
ERROR: 2024/04/25 17:59:55 Error reading the message from the client
ERROR: 2024/04/25 18:00:03 Error reading the message from the client
ERROR: 2024/04/25 18:02:56 Error reading the message from the client
ERROR: 2024/04/25 18:02:57 Error reading the message from the client
ERROR: 2024/04/25 18:03:00 Error reading the message from the client
ERROR: 2024/04/25 18:39:55 Error reading the message from the client
ERROR: 2024/04/25 18:39:57 Error reading the message from the client
ERROR: 2024/04/25 18:40:29 Error reading the message from the client
ERROR: 2024/04/25 18:40:41 Error reading the message from the client
ERROR: 2024/04/25 18:46:45 Error reading the message from the client
ERROR: 2024/04/25 18:47:25 Error reading the message from the client
ERROR: 2024/04/25 18:50:58 Error reading the message from the client
ERROR: 2024/04/25 18:54:04 Error reading the message from the client
ERROR: 2024/04/25 18:54:07 Error reading the message from the client
ERROR: 2024/04/25 19:04:42 Error reading the message from the client
ERROR: 2024/04/25 19:04:47 Error reading the message from the client
ERROR: 2024/04/25 19:14:49 Error reading the message from the client
ERROR: 2024/04/25 19:15:38 Error reading the message from the client
ERROR: 2024/04/25 19:15:43 Error reading the message from the client
ERROR: 2024/04/25 19:15:45 Error reading the message from the client
ERROR: 2024/04/25 19:15:46 Error reading the message from the client
ERROR: 2024/04/25 19:28:17 Error reading the message from the client
ERROR: 2024/04/25 19:28:32 Error reading the message from the client
ERROR: 2024/04/25 19:42:42 Error reading the message from the client
ERROR: 2024/04/25 19:43:56 Error reading the message from the client
ERROR: 2024/04/25 19:46:34 Error reading the message from the client
ERROR: 2024/04/25 19:47:52 Error reading the message from the client
ERROR: 2024/04/25 19:48:15 Error reading the message from the client
ERROR: 2024/04/25 19:48:28 Error reading the message from the client
ERROR: 2024/04/25 19:49:35 Error reading the message from the client
ERROR: 2024/04/25 19:49:42 Error reading the message from the client
ERROR: 2024/04/25 19:51:32 Error reading the message from the client
ERROR: 2024/04/25 19:56:13 Error reading the message from the client
ERROR: 2024/04/25 19:56:35 Error reading the message from the client
ERROR: 2024/04/25 19:56:56 Error reading the message from the client
ERROR: 2024/04/25 19:57:01 Error reading the message from the client
ERROR: 2024/04/25 19:57:42 Error reading the message from the client
ERROR: 2024/04/25 19:57:53 Error reading the message from the client
ERROR: 2024/04/25 19:58:52 Error reading the message from the client
ERROR: 2024/04/25 19:58:58 Error reading the message from the client
ERROR: 2024/04/25 19:59:57 Error reading the message from the client
ERROR: 2024/04/25 20:01:43 Error reading the message from the client
ERROR: 2024/04/25 20:06:26 Error reading the message from the client
ERROR: 2024/04/25 20:07:40 Error reading the message from the client
ERROR: 2024/04/25 20:29:56 Error reading the message from the client
ERROR: 2024/04/25 20:30:05 Error reading the message from the client
ERROR: 2024/04/25 20:30:12 Error reading the message from the client
ERROR: 2024/04/25 20:40:56 Error reading the message from the client
ERROR: 2024/04/25 20:41:02 Error reading the message from the client
ERROR: 2024/04/25 20:42:30 Error reading the message from the client
ERROR: 2024/04/25 20:42:33 Error reading the message from the client
ERROR: 2024/04/25 20:42:34 Error reading the message from the client
ERROR: 2024/04/25 20:42:50 No user found with the provided credentialsmldd at /login
DEBUG: 2024/04/25 20:43:03 Login successful: mm at /login
ERROR: 2024/04/25 20:43:03 Error reading the message from the client
ERROR: 2024/04/25 20:43:07 Error reading the message from the client
ERROR: 2024/04/25 20:43:09 Error reading the message from the client
ERROR: 2024/04/25 20:43:17 Error reading the message from the client
ERROR: 2024/04/25 20:43:23 Error reading the message from the client
ERROR: 2024/04/25 20:45:46 Error reading the message from the client
ERROR: 2024/04/25 20:47:07 Error reading the message from the client
ERROR: 2024/04/26 16:35:54 Error reading the message from the client
ERROR: 2024/04/26 16:35:58 Error reading the message from the client
ERROR: 2024/04/26 16:36:00 Error reading the message from the client
ERROR: 2024/04/26 16:36:02 Error reading the message from the client
ERROR: 2024/04/26 16:36:08 Error reading the message from the client
ERROR: 2024/04/26 16:36:10 Error reading the message from the client
ERROR: 2024/04/26 16:36:23 Error reading the message from the client
ERROR: 2024/04/26 16:36:30 Error reading the message from the client
ERROR: 2024/04/26 16:36:35 Error reading the message from the client
ERROR: 2024/04/26 16:36:38 Error reading the message from the client
ERROR: 2024/04/26 16:37:08 Error reading the message from the client
ERROR: 2024/04/26 16:37:10 Error reading the message from the client
ERROR: 2024/04/26 16:37:17 Error reading the message from the client
ERROR: 2024/04/26 16:37:19 Error reading the message from the client
ERROR: 2024/04/26 16:39:13 Error reading the message from the client
ERROR: 2024/04/26 16:39:30 Error reading the message from the client
ERROR: 2024/04/26 17:01:31 Error reading the message from the client
ERROR: 2024/04/26 17:28:04 Error reading the message from the client
ERROR: 2024/04/26 17:28:06 Error reading the message from the client
ERROR: 2024/04/26 17:28:12 Error reading the message from the client
ERROR: 2024/04/26 17:29:31 Error reading the message from the client
ERROR: 2024/04/26 17:29:34 Error reading the message from the client
ERROR: 2024/04/26 17:29:37 Error reading the message from the client
ERROR: 2024/04/26 17:31:10 Error reading the message from the client
ERROR: 2024/04/26 17:31:13 Error reading the message from the client
ERROR: 2024/04/26 17:33:26 Error reading the message from the client
ERROR: 2024/04/26 17:47:32 Error reading the message from the client
ERROR: 2024/04/26 17:47:35 Error reading the message from the client
ERROR: 2024/04/26 17:47:53 Error reading the message from the client
ERROR: 2024/04/26 17:49:05 Error reading the message from the client
ERROR: 2024/04/26 17:49:31 Error reading the message from the client
ERROR: 2024/04/26 17:50:23 Error reading the message from the client
DEBUG: 2024/04/26 17:50:30 Login successful: caca at /login
ERROR: 2024/04/26 17:50:30 Error reading the message from the client
ERROR: 2024/04/26 17:50:33 Error reading the message from the client
ERROR: 2024/04/26 17:50:37 Error reading the message from the client
ERROR: 2024/04/26 17:50:46 Error reading the message from the client
ERROR: 2024/04/26 17:50:53 Error reading the message from the client
ERROR: 2024/04/26 17:50:54 Error reading the message from the client
ERROR: 2024/04/26 18:09:00 Error reading the message from the client
ERROR: 2024/04/26 18:15:40 Error reading the message from the client
ERROR: 2024/04/26 18:15:47 Error reading the message from the client
ERROR: 2024/04/26 18:16:48 Error reading the message from the client
ERROR: 2024/04/26 18:18:04 Error reading the message from the client
ERROR: 2024/04/26 18:18:06 Error reading the message from the client
ERROR: 2024/04/26 18:19:15 Error reading the message from the client
ERROR: 2024/04/26 18:21:40 Error reading the message from the client
ERROR: 2024/04/26 18:21:49 Error reading the message from the client
ERROR: 2024/04/26 18:21:56 Error reading the message from the client
ERROR: 2024/04/26 18:24:09 Error reading the message from the client
ERROR: 2024/04/26 18:24:24 Error reading the message from the client
ERROR: 2024/04/26 18:24:29 Error reading the message from the client
ERROR: 2024/04/26 18:25:20 Error reading the message from the client
ERROR: 2024/04/26 18:25:31 Error reading the message from the client
ERROR: 2024/04/26 18:26:57 Error reading the message from the client
ERROR: 2024/04/26 18:27:02 Error reading the message from the client
ERROR: 2024/04/26 18:27:07 Error reading the message from the client
ERROR: 2024/04/26 18:27:10 Error reading the message from the client
ERROR: 2024/04/26 18:27:12 Error reading the message from the client
ERROR: 2024/04/26 18:27:16 Error reading the message from the client
ERROR: 2024/04/26 18:27:20 Error reading the message from the client
ERROR: 2024/04/26 18:27:32 Error reading the message from the client
ERROR: 2024/04/26 18:27:35 Error reading the message from the client
ERROR: 2024/04/26 18:27:39 Error reading the message from the client
ERROR: 2024/04/26 18:34:54 Error reading the message from the client
ERROR: 2024/04/26 18:35:01 Error reading the message from the client
ERROR: 2024/04/26 18:35:04 Error reading the message from the client
ERROR: 2024/04/26 18:35:09 Error reading the message from the client
ERROR: 2024/04/26 18:35:12 Error reading the message from the client
ERROR: 2024/04/26 18:35:17 Error reading the message from the client
ERROR: 2024/04/26 18:35:20 Error reading the message from the client
ERROR: 2024/04/26 18:37:44 Error reading the message from the client
ERROR: 2024/04/26 18:37:47 Error reading the message from the client
ERROR: 2024/04/26 18:37:50 Error reading the message from the client
ERROR: 2024/04/26 18:37:53 Error reading the message from the client
ERROR: 2024/04/26 18:37:55 Error reading the message from the client
ERROR: 2024/04/26 18:49:18 Error reading the message from the client
ERROR: 2024/04/26 18:49:36 Error reading the message from the client
ERROR: 2024/04/26 18:50:29 Error reading the message from the client
ERROR: 2024/04/26 18:50:49 Error reading the message from the client
ERROR: 2024/04/26 18:50:58 Error reading the message from the client
ERROR: 2024/04/26 18:53:43 Error reading the message from the client
ERROR: 2024/04/26 18:53:48 Error reading the message from the client
ERROR: 2024/04/26 18:53:51 Error reading the message from the client
ERROR: 2024/04/26 18:53:54 Error reading the message from the client
ERROR: 2024/04/26 18:55:31 Error reading the message from the client
ERROR: 2024/04/26 18:59:17 Error reading the message from the client
ERROR: 2024/04/26 18:59:25 Error reading the message from the client
ERROR: 2024/04/26 18:59:29 Error reading the message from the client
ERROR: 2024/04/26 19:10:37 Error reading the message from the client
ERROR: 2024/04/26 19:14:05 Error reading the message from the client
ERROR: 2024/04/26 19:14:08 Error reading the message from the client
ERROR: 2024/04/26 19:18:50 Error reading the message from the client
ERROR: 2024/04/26 19:18:54 Error reading the message from the client
ERROR: 2024/04/26 19:18:57 Error reading the message from the client
ERROR: 2024/04/26 19:32:30 Error reading the message from the client
ERROR: 2024/04/26 19:32:32 Error reading the message from the client
ERROR: 2024/04/26 19:33:07 Error reading the message from the client
ERROR: 2024/04/26 19:33:27 Error reading the message from the client
ERROR: 2024/04/26 19:37:38 Error reading the message from the client
ERROR: 2024/04/26 19:38:10 Error reading the message from the client
ERROR: 2024/04/26 19:38:13 Error reading the message from the client
